<?xml version="1.0" encoding="UTF-8"?>
<testng-results ignored="10" total="16" passed="5" failed="1" skipped="0">
  <reporter-output>
  </reporter-output>
  <suite started-at="2022-08-30T12:47:36 IST" name="Surefire suite" finished-at="2022-08-30T12:47:58 IST" duration-ms="22237">
    <groups>
    </groups>
    <test started-at="2022-08-30T12:47:36 IST" name="Surefire test" finished-at="2022-08-30T12:47:58 IST" duration-ms="22237">
      <class name="com.tests.MyAccountTest">
        <test-method is-config="true" signature="openBrowser()[pri:0, instance:com.tests.MyAccountTest@3c41ed1d]" started-at="2022-08-30T12:47:53 IST" name="openBrowser" finished-at="2022-08-30T12:47:54 IST" duration-ms="1007" status="PASS">
          <reporter-output>
          </reporter-output>
        </test-method> <!-- openBrowser -->
        <test-method is-config="true" signature="register(java.lang.reflect.Method)[pri:0, instance:com.tests.MyAccountTest@3c41ed1d]" started-at="2022-08-30T12:47:54 IST" name="register" finished-at="2022-08-30T12:47:54 IST" duration-ms="1" status="PASS">
          <params>
            <param index="0">
              <value>
                <![CDATA[public void com.tests.MyAccountTest.loginToMyAccount()]]>
              </value>
            </param>
          </params>
          <reporter-output>
          </reporter-output>
        </test-method> <!-- register -->
        <test-method signature="loginToMyAccount()[pri:0, instance:com.tests.MyAccountTest@3c41ed1d]" started-at="2022-08-30T12:47:54 IST" name="loginToMyAccount" finished-at="2022-08-30T12:47:56 IST" duration-ms="2552" status="PASS">
          <reporter-output>
          </reporter-output>
        </test-method> <!-- loginToMyAccount -->
        <test-method is-config="true" signature="tearDown(org.testng.ITestResult)[pri:0, instance:com.tests.MyAccountTest@3c41ed1d]" started-at="2022-08-30T12:47:56 IST" name="tearDown" finished-at="2022-08-30T12:47:56 IST" duration-ms="1" status="PASS">
          <params>
            <param index="0">
              <value>
                <![CDATA[[TestResult name=loginToMyAccount status=SUCCESS method=MyAccountTest.loginToMyAccount()[pri:0, instance:com.tests.MyAccountTest@3c41ed1d] output={null}]]]>
              </value>
            </param>
          </params>
          <reporter-output>
          </reporter-output>
        </test-method> <!-- tearDown -->
        <test-method is-config="true" signature="register(java.lang.reflect.Method)[pri:0, instance:com.tests.MyAccountTest@3c41ed1d]" started-at="2022-08-30T12:47:56 IST" name="register" finished-at="2022-08-30T12:47:56 IST" duration-ms="1" status="PASS">
          <params>
            <param index="0">
              <value>
                <![CDATA[public void com.tests.MyAccountTest.verifyPageTitle()]]>
              </value>
            </param>
          </params>
          <reporter-output>
          </reporter-output>
        </test-method> <!-- register -->
        <test-method signature="verifyPageTitle()[pri:0, instance:com.tests.MyAccountTest@3c41ed1d]" started-at="2022-08-30T12:47:56 IST" name="verifyPageTitle" finished-at="2022-08-30T12:47:56 IST" duration-ms="10" status="PASS">
          <reporter-output>
          </reporter-output>
        </test-method> <!-- verifyPageTitle -->
        <test-method is-config="true" signature="tearDown(org.testng.ITestResult)[pri:0, instance:com.tests.MyAccountTest@3c41ed1d]" started-at="2022-08-30T12:47:56 IST" name="tearDown" finished-at="2022-08-30T12:47:56 IST" duration-ms="0" status="PASS">
          <params>
            <param index="0">
              <value>
                <![CDATA[[TestResult name=verifyPageTitle status=SUCCESS method=MyAccountTest.verifyPageTitle()[pri:0, instance:com.tests.MyAccountTest@3c41ed1d] output={null}]]]>
              </value>
            </param>
          </params>
          <reporter-output>
          </reporter-output>
        </test-method> <!-- tearDown -->
        <test-method is-config="true" signature="close()[pri:0, instance:com.tests.MyAccountTest@3c41ed1d]" started-at="2022-08-30T12:47:56 IST" name="close" finished-at="2022-08-30T12:47:57 IST" duration-ms="689" status="PASS">
          <reporter-output>
          </reporter-output>
        </test-method> <!-- close -->
      </class> <!-- com.tests.MyAccountTest -->
      <class name="com.tests.HomeTest">
        <test-method is-config="true" signature="browserSetup()[pri:0, instance:com.tests.HomeTest@34e9fd99]" started-at="2022-08-30T12:47:44 IST" name="browserSetup" finished-at="2022-08-30T12:47:51 IST" duration-ms="7410" status="PASS">
          <reporter-output>
          </reporter-output>
        </test-method> <!-- browserSetup -->
        <test-method is-config="true" signature="register(java.lang.reflect.Method)[pri:0, instance:com.tests.HomeTest@34e9fd99]" started-at="2022-08-30T12:47:51 IST" name="register" finished-at="2022-08-30T12:47:51 IST" duration-ms="9" status="PASS">
          <params>
            <param index="0">
              <value>
                <![CDATA[public void com.tests.HomeTest.verifyBookTitles()]]>
              </value>
            </param>
          </params>
          <reporter-output>
          </reporter-output>
        </test-method> <!-- register -->
        <test-method signature="verifyBookTitles()[pri:0, instance:com.tests.HomeTest@34e9fd99]" started-at="2022-08-30T12:47:51 IST" name="verifyBookTitles" finished-at="2022-08-30T12:47:52 IST" duration-ms="592" status="PASS">
          <reporter-output>
          </reporter-output>
        </test-method> <!-- verifyBookTitles -->
        <test-method is-config="true" signature="tearDown(org.testng.ITestResult)[pri:0, instance:com.tests.HomeTest@34e9fd99]" started-at="2022-08-30T12:47:52 IST" name="tearDown" finished-at="2022-08-30T12:47:52 IST" duration-ms="38" status="PASS">
          <params>
            <param index="0">
              <value>
                <![CDATA[[TestResult name=verifyBookTitles status=SUCCESS method=HomeTest.verifyBookTitles()[pri:0, instance:com.tests.HomeTest@34e9fd99] output={null}]]]>
              </value>
            </param>
          </params>
          <reporter-output>
          </reporter-output>
        </test-method> <!-- tearDown -->
        <test-method is-config="true" signature="register(java.lang.reflect.Method)[pri:0, instance:com.tests.HomeTest@34e9fd99]" started-at="2022-08-30T12:47:52 IST" name="register" finished-at="2022-08-30T12:47:52 IST" duration-ms="0" status="PASS">
          <params>
            <param index="0">
              <value>
                <![CDATA[public void com.tests.HomeTest.verifyHomePageThreeSliders()]]>
              </value>
            </param>
          </params>
          <reporter-output>
          </reporter-output>
        </test-method> <!-- register -->
        <test-method signature="verifyHomePageThreeSliders()[pri:0, instance:com.tests.HomeTest@34e9fd99]" started-at="2022-08-30T12:47:52 IST" name="verifyHomePageThreeSliders" finished-at="2022-08-30T12:47:52 IST" duration-ms="44" status="PASS">
          <reporter-output>
          </reporter-output>
        </test-method> <!-- verifyHomePageThreeSliders -->
        <test-method is-config="true" signature="tearDown(org.testng.ITestResult)[pri:0, instance:com.tests.HomeTest@34e9fd99]" started-at="2022-08-30T12:47:52 IST" name="tearDown" finished-at="2022-08-30T12:47:52 IST" duration-ms="1" status="PASS">
          <params>
            <param index="0">
              <value>
                <![CDATA[[TestResult name=verifyHomePageThreeSliders status=SUCCESS method=HomeTest.verifyHomePageThreeSliders()[pri:0, instance:com.tests.HomeTest@34e9fd99] output={null}]]]>
              </value>
            </param>
          </params>
          <reporter-output>
          </reporter-output>
        </test-method> <!-- tearDown -->
        <test-method is-config="true" signature="register(java.lang.reflect.Method)[pri:0, instance:com.tests.HomeTest@34e9fd99]" started-at="2022-08-30T12:47:52 IST" name="register" finished-at="2022-08-30T12:47:52 IST" duration-ms="1" status="PASS">
          <params>
            <param index="0">
              <value>
                <![CDATA[public void com.tests.HomeTest.verifyTitle()]]>
              </value>
            </param>
          </params>
          <reporter-output>
          </reporter-output>
        </test-method> <!-- register -->
        <test-method signature="verifyTitle()[pri:0, instance:com.tests.HomeTest@34e9fd99]" started-at="2022-08-30T12:47:52 IST" name="verifyTitle" finished-at="2022-08-30T12:47:52 IST" duration-ms="15" status="FAIL">
          <exception class="java.lang.AssertionError">
            <message>
              <![CDATA[expected [Automation Practice site] but found [Automation Practice Site]]]>
            </message>
            <full-stacktrace>
              <![CDATA[java.lang.AssertionError: expected [Automation Practice site] but found [Automation Practice Site]
at org.testng.Assert.fail(Assert.java:97)
at org.testng.Assert.assertEqualsImpl(Assert.java:136)
at org.testng.Assert.assertEquals(Assert.java:118)
at org.testng.Assert.assertEquals(Assert.java:575)
at org.testng.Assert.assertEquals(Assert.java:585)
at com.tests.HomeTest.verifyTitle(HomeTest.java:59)
at java.base/jdk.internal.reflect.NativeMethodAccessorImpl.invoke0(Native Method)
at java.base/jdk.internal.reflect.NativeMethodAccessorImpl.invoke(NativeMethodAccessorImpl.java:77)
at java.base/jdk.internal.reflect.DelegatingMethodAccessorImpl.invoke(DelegatingMethodAccessorImpl.java:43)
at java.base/java.lang.reflect.Method.invoke(Method.java:568)
at org.testng.internal.MethodInvocationHelper.invokeMethod(MethodInvocationHelper.java:134)
at org.testng.internal.TestInvoker.invokeMethod(TestInvoker.java:597)
at org.testng.internal.TestInvoker.invokeTestMethod(TestInvoker.java:173)
at org.testng.internal.MethodRunner.runInSequence(MethodRunner.java:46)
at org.testng.internal.TestInvoker$MethodInvocationAgent.invoke(TestInvoker.java:816)
at org.testng.internal.TestInvoker.invokeTestMethods(TestInvoker.java:146)
at org.testng.internal.TestMethodWorker.invokeTestMethods(TestMethodWorker.java:146)
at org.testng.internal.TestMethodWorker.run(TestMethodWorker.java:128)
at java.base/java.util.ArrayList.forEach(ArrayList.java:1511)
at org.testng.TestRunner.privateRun(TestRunner.java:766)
at org.testng.TestRunner.run(TestRunner.java:587)
at org.testng.SuiteRunner.runTest(SuiteRunner.java:384)
at org.testng.SuiteRunner.runSequentially(SuiteRunner.java:378)
at org.testng.SuiteRunner.privateRun(SuiteRunner.java:337)
at org.testng.SuiteRunner.run(SuiteRunner.java:286)
at org.testng.SuiteRunnerWorker.runSuite(SuiteRunnerWorker.java:53)
at org.testng.SuiteRunnerWorker.run(SuiteRunnerWorker.java:96)
at org.testng.TestNG.runSuitesSequentially(TestNG.java:1187)
at org.testng.TestNG.runSuitesLocally(TestNG.java:1109)
at org.testng.TestNG.runSuites(TestNG.java:1039)
at org.testng.TestNG.run(TestNG.java:1007)
at org.apache.maven.surefire.testng.TestNGExecutor.run(TestNGExecutor.java:135)
at org.apache.maven.surefire.testng.TestNGDirectoryTestSuite.executeMulti(TestNGDirectoryTestSuite.java:193)
at org.apache.maven.surefire.testng.TestNGDirectoryTestSuite.execute(TestNGDirectoryTestSuite.java:94)
at org.apache.maven.surefire.testng.TestNGProvider.invoke(TestNGProvider.java:146)
at org.apache.maven.surefire.booter.ForkedBooter.invokeProviderInSameClassLoader(ForkedBooter.java:384)
at org.apache.maven.surefire.booter.ForkedBooter.runSuitesInProcess(ForkedBooter.java:345)
at org.apache.maven.surefire.booter.ForkedBooter.execute(ForkedBooter.java:126)
at org.apache.maven.surefire.booter.ForkedBooter.main(ForkedBooter.java:418)
]]>
            </full-stacktrace>
          </exception> <!-- java.lang.AssertionError -->
          <reporter-output>
          </reporter-output>
        </test-method> <!-- verifyTitle -->
        <test-method is-config="true" signature="tearDown(org.testng.ITestResult)[pri:0, instance:com.tests.HomeTest@34e9fd99]" started-at="2022-08-30T12:47:52 IST" name="tearDown" finished-at="2022-08-30T12:47:53 IST" duration-ms="582" status="PASS">
          <params>
            <param index="0">
              <value>
                <![CDATA[[TestResult name=verifyTitle status=FAILURE method=HomeTest.verifyTitle()[pri:0, instance:com.tests.HomeTest@34e9fd99] output={null}]]]>
              </value>
            </param>
          </params>
          <reporter-output>
          </reporter-output>
        </test-method> <!-- tearDown -->
        <test-method signature="verifyNewArrivalsIsDisplayed()[pri:1, instance:com.tests.HomeTest@34e9fd99]" started-at="2022-08-30T12:47:53 IST" name="verifyNewArrivalsIsDisplayed" description="To verify New Arrival is displayed on Home page" finished-at="2022-08-30T12:47:53 IST" duration-ms="246" status="PASS">
          <reporter-output>
          </reporter-output>
        </test-method> <!-- verifyNewArrivalsIsDisplayed -->
        <test-method is-config="true" signature="register(java.lang.reflect.Method)[pri:0, instance:com.tests.HomeTest@34e9fd99]" started-at="2022-08-30T12:47:53 IST" name="register" finished-at="2022-08-30T12:47:53 IST" duration-ms="0" status="PASS">
          <params>
            <param index="0">
              <value>
                <![CDATA[public void com.tests.HomeTest.verifyNewArrivalsIsDisplayed()]]>
              </value>
            </param>
          </params>
          <reporter-output>
          </reporter-output>
        </test-method> <!-- register -->
        <test-method is-config="true" signature="tearDown(org.testng.ITestResult)[pri:0, instance:com.tests.HomeTest@34e9fd99]" started-at="2022-08-30T12:47:53 IST" name="tearDown" finished-at="2022-08-30T12:47:53 IST" duration-ms="1" status="PASS">
          <params>
            <param index="0">
              <value>
                <![CDATA[[TestResult name=verifyNewArrivalsIsDisplayed status=SUCCESS method=HomeTest.verifyNewArrivalsIsDisplayed()[pri:1, instance:com.tests.HomeTest@34e9fd99] output={null}]]]>
              </value>
            </param>
          </params>
          <reporter-output>
          </reporter-output>
        </test-method> <!-- tearDown -->
      </class> <!-- com.tests.HomeTest -->
      <class name="com.tests.BaseTest">
        <test-method is-config="true" signature="propertySetup()[pri:0, instance:com.tests.BaseTest@45752059]" started-at="2022-08-30T12:47:35 IST" name="propertySetup" finished-at="2022-08-30T12:47:36 IST" duration-ms="108" status="PASS">
          <reporter-output>
          </reporter-output>
        </test-method> <!-- propertySetup -->
        <test-method is-config="true" signature="initDriver()[pri:0, instance:com.tests.BaseTest@45752059]" started-at="2022-08-30T12:47:36 IST" name="initDriver" finished-at="2022-08-30T12:47:44 IST" duration-ms="8162" status="PASS">
          <reporter-output>
          </reporter-output>
        </test-method> <!-- initDriver -->
        <test-method is-config="true" signature="setupExtentEnv()[pri:0, instance:com.tests.BaseTest@45752059]" started-at="2022-08-30T12:47:44 IST" name="setupExtentEnv" finished-at="2022-08-30T12:47:44 IST" duration-ms="133" status="PASS">
          <reporter-output>
          </reporter-output>
        </test-method> <!-- setupExtentEnv -->
        <test-method is-config="true" signature="cleanup()[pri:0, instance:com.tests.BaseTest@45752059]" started-at="2022-08-30T12:47:57 IST" name="cleanup" finished-at="2022-08-30T12:47:58 IST" duration-ms="620" status="PASS">
          <reporter-output>
          </reporter-output>
        </test-method> <!-- cleanup -->
        <test-method is-config="true" signature="tearDown()[pri:0, instance:com.tests.BaseTest@45752059]" started-at="2022-08-30T12:47:58 IST" name="tearDown" finished-at="2022-08-30T12:47:58 IST" duration-ms="0" status="PASS">
          <reporter-output>
          </reporter-output>
        </test-method> <!-- tearDown -->
      </class> <!-- com.tests.BaseTest -->
    </test> <!-- Surefire test -->
  </suite> <!-- Surefire suite -->
</testng-results>
